<?xml version="1.0" encoding="UTF-8"?>
<!-- Generated by org.testng.reporters.JUnitXMLReporter -->
<testsuite hostname="m-PC" ignored="5" name="Default test" tests="1" failures="0" timestamp="2020-05-14T16:38:23 IST" time="40.197" errors="0">
  <testcase name="tc_FindElementByAndroidAutomator" time="40.125" classname="com.tyss.appiumproject.DemoDriverRotatetest"/>
  <testcase name="tc_NotificationRemainder" time="0.0" classname="com.tyss.appiumproject.DemoDriverRotatetest">
    <ignored/>
  </testcase> <!-- tc_NotificationRemainder -->
  <testcase name="tc_TapTest" time="0.0" classname="com.tyss.appiumproject.DemoDriverRotatetest">
    <ignored/>
  </testcase> <!-- tc_TapTest -->
  <testcase name="tc_rotateTest" time="0.0" classname="com.tyss.appiumproject.DemoDriverRotatetest">
    <ignored/>
  </testcase> <!-- tc_rotateTest -->
  <testcase name="tc_OpenNotificationNetworkOnOff" time="0.0" classname="com.tyss.appiumproject.DemoDriverRotatetest">
    <ignored/>
  </testcase> <!-- tc_OpenNotificationNetworkOnOff -->
  <testcase name="tc_TapOnCoOrdinates" time="0.0" classname="com.tyss.appiumproject.DemoDriverRotatetest">
    <ignored/>
  </testcase> <!-- tc_TapOnCoOrdinates -->
</testsuite> <!-- Default test -->
