<?xml version="1.0" encoding="UTF-8"?>
<!-- Generated by org.testng.reporters.JUnitXMLReporter -->
<testsuite hostname="m-PC" ignored="5" name="Test" tests="1" failures="0" timestamp="2020-05-13T09:31:21 IST" time="39.146" errors="0">
  <testcase name="tc_openapp" time="39.02" classname="com.tyss.appiumproject.TrainingBigBasketTest"/>
  <testcase name="tc_openapp" time="0.0" classname="com.tyss.appiumproject.DemoApp1">
    <ignored/>
  </testcase> <!-- tc_openapp -->
  <testcase name="tc_openapp1" time="0.0" classname="com.tyss.appiumproject.CalculatorTests">
    <ignored/>
  </testcase> <!-- tc_openapp1 -->
  <testcase name="tc_openBigBasket" time="0.0" classname="com.tyss.appiumproject.BigBasketTest">
    <ignored/>
  </testcase> <!-- tc_openBigBasket -->
  <testcase name="tc_openapp" time="0.0" classname="com.tyss.appiumproject.Demo_app2">
    <ignored/>
  </testcase> <!-- tc_openapp -->
  <testcase name="tc_openapp1" time="0.0" classname="com.tyss.appiumproject.DemoApp1">
    <ignored/>
  </testcase> <!-- tc_openapp1 -->
</testsuite> <!-- Test -->
